<?xml version="1.0" encoding="UTF-8"?>
<testng-results ignored="0" total="1" passed="1" failed="0" skipped="0">
  <reporter-output>
  </reporter-output>
  <suite started-at="2023-11-01T20:09:56 UYT" name="ServicesTest" finished-at="2023-11-01T20:10:20 UYT" duration-ms="24094">
    <groups>
    </groups>
    <test started-at="2023-11-01T20:09:56 UYT" name="Command line test" finished-at="2023-11-01T20:10:20 UYT" duration-ms="24094">
      <class name="ServicesTest">
        <test-method signature="getEjemplo()[pri:0, instance:ServicesTest@1ee807c6]" started-at="2023-11-01T20:09:56 UYT" name="getEjemplo" finished-at="2023-11-01T20:10:20 UYT" duration-ms="23948" status="PASS">
          <reporter-output>
          </reporter-output>
        </test-method> <!-- getEjemplo -->
      </class> <!-- ServicesTest -->
    </test> <!-- Command line test -->
  </suite> <!-- ServicesTest -->
</testng-results>
